<?xml version="1.0" encoding="utf-8"?><testsuites><testsuite name="pytest" errors="2" failures="0" skipped="0" tests="2" time="0.173" timestamp="2021-09-04T21:58:26.995652" hostname="ac2bb62aed28"><testcase classname="" name="tests.test_packages" time="0.000"><error message="collection failure">tests/test_packages.py:1: in &lt;module&gt;
    import sweetrpg_library_model
E   ModuleNotFoundError: No module named 'sweetrpg_library_model'</error><error message="collection failure">ImportError while importing test module '/workspaces/sweetrpg-library-model/tests/test_packages.py'.
Hint: make sure your test modules/packages have valid Python names.
Traceback:
/usr/local/lib/python3.9/importlib/__init__.py:127: in import_module
    return _bootstrap._gcd_import(name[level:], package, level)
tests/test_packages.py:1: in &lt;module&gt;
    import sweetrpg_library_model
E   ModuleNotFoundError: No module named 'sweetrpg_library_model'</error></testcase></testsuite></testsuites>